\BOOKMARK [1][-]{section.1}{Introducci\363n}{}% 1
\BOOKMARK [1][-]{section.2}{Enumeraci\363n casos de uso}{}% 2
\BOOKMARK [1][-]{section.3}{Cronograma}{}% 3
\BOOKMARK [2][-]{subsection.3.1}{Iteraciones}{section.3}% 4
\BOOKMARK [3][-]{subsubsection.3.1.1}{Primera Iteraci\363n:}{subsection.3.1}% 5
\BOOKMARK [3][-]{subsubsection.3.1.2}{Segunda Iteraci\363n:}{subsection.3.1}% 6
\BOOKMARK [3][-]{subsubsection.3.1.3}{Tercera Iteraci\363n:}{subsection.3.1}% 7
\BOOKMARK [3][-]{subsubsection.3.1.4}{Cuarta Iteraci\363n:}{subsection.3.1}% 8
\BOOKMARK [3][-]{subsubsection.3.1.5}{Quinta Iteraci\363n:}{subsection.3.1}% 9
\BOOKMARK [3][-]{subsubsection.3.1.6}{Sexta Iteraci\363n:}{subsection.3.1}% 10
\BOOKMARK [1][-]{section.4}{Riesgos}{}% 11
\BOOKMARK [2][-]{subsection.4.1}{Riesgo Sistema de envio de mensajes SMS}{section.4}% 12
\BOOKMARK [2][-]{subsection.4.2}{Riesgo Sistema de envio mensajes Web}{section.4}% 13
\BOOKMARK [2][-]{subsection.4.3}{Riesgo Sistema de envio de mensajes}{section.4}% 14
\BOOKMARK [2][-]{subsection.4.4}{Riesgo Servidor con Base de Datos centralizada}{section.4}% 15
\BOOKMARK [2][-]{subsection.4.5}{Detalle de la primera iteraci\363n}{section.4}% 16
\BOOKMARK [2][-]{subsection.4.6}{Lista de tareas relacionadas con casos de uso de primera iteraci\363n}{section.4}% 17
\BOOKMARK [3][-]{subsubsection.4.6.1}{Enviando mensajes}{subsection.4.6}% 18
\BOOKMARK [3][-]{subsubsection.4.6.2}{Creando Campa\361a}{subsection.4.6}% 19
\BOOKMARK [3][-]{subsubsection.4.6.3}{Creando Destinatario}{subsection.4.6}% 20
\BOOKMARK [2][-]{subsection.4.7}{Estimaci\363n de tiempo en horas hombre}{section.4}% 21
